nohup: ignoring input
2026-04-18 21:43:18,949 - INFO - Loading dataset: halueval_qa...
Downloading readme: 0.00B [00:00, ?B/s]Downloading readme: 2.88kB [00:00, 3.92MB/s]
Downloading and preparing dataset None/dialogue to /home/jay_agarwal_2022/.cache/huggingface/datasets/pminervini___parquet/dialogue-216947a3b3a7b8d2/0.0.0/2a3b91fbd88a2c90d1dbbb32b460cf621d31bd5b05b934492fdef7d8d6f236ec...
Downloading data files:   0%|          | 0/1 [00:00<?, ?it/s]Downloading data files: 100%|██████████| 1/1 [00:00<00:00, 763.29it/s]
Extracting data files:   0%|          | 0/1 [00:00<?, ?it/s]Extracting data files: 100%|██████████| 1/1 [00:00<00:00, 128.07it/s]
Traceback (most recent call last):
  File "/home/jay_agarwal_2022/SEP_Llama-3/run_qa_generation.py", line 306, in <module>
    main()
  File "/home/jay_agarwal_2022/SEP_Llama-3/run_qa_generation.py", line 177, in main
    train_ds, val_ds = load_ds(dataset_name, seed=SEED_QA)
                       ^^^^^^^^^^^^^^^^^^^^^^^^^^^^^^^^^^^
  File "/home/jay_agarwal_2022/SEP_Llama-3/semantic_uncertainty/uncertainty/data/data_utils.py", line 166, in load_ds
    dataset = datasets.load_dataset("pminervini/HaluEval", "qa_samples")
              ^^^^^^^^^^^^^^^^^^^^^^^^^^^^^^^^^^^^^^^^^^^^^^^^^^^^^^^^^^
  File "/home/jay_agarwal_2022/miniforge3/envs/se_probes/lib/python3.11/site-packages/datasets/load.py", line 1797, in load_dataset
    builder_instance.download_and_prepare(
  File "/home/jay_agarwal_2022/miniforge3/envs/se_probes/lib/python3.11/site-packages/datasets/builder.py", line 890, in download_and_prepare
    self._download_and_prepare(
  File "/home/jay_agarwal_2022/miniforge3/envs/se_probes/lib/python3.11/site-packages/datasets/builder.py", line 985, in _download_and_prepare
    self._prepare_split(split_generator, **prepare_split_kwargs)
  File "/home/jay_agarwal_2022/miniforge3/envs/se_probes/lib/python3.11/site-packages/datasets/builder.py", line 1706, in _prepare_split
    split_info = self.info.splits[split_generator.name]
                 ~~~~~~~~~~~~~~~~^^^^^^^^^^^^^^^^^^^^^^
  File "/home/jay_agarwal_2022/miniforge3/envs/se_probes/lib/python3.11/site-packages/datasets/splits.py", line 530, in __getitem__
    instructions = make_file_instructions(
                   ^^^^^^^^^^^^^^^^^^^^^^^
  File "/home/jay_agarwal_2022/miniforge3/envs/se_probes/lib/python3.11/site-packages/datasets/arrow_reader.py", line 112, in make_file_instructions
    name2filenames = {
                     ^
  File "/home/jay_agarwal_2022/miniforge3/envs/se_probes/lib/python3.11/site-packages/datasets/arrow_reader.py", line 113, in <dictcomp>
    info.name: filenames_for_dataset_split(
               ^^^^^^^^^^^^^^^^^^^^^^^^^^^^
  File "/home/jay_agarwal_2022/miniforge3/envs/se_probes/lib/python3.11/site-packages/datasets/naming.py", line 70, in filenames_for_dataset_split
    prefix = filename_prefix_for_split(dataset_name, split)
             ^^^^^^^^^^^^^^^^^^^^^^^^^^^^^^^^^^^^^^^^^^^^^^
  File "/home/jay_agarwal_2022/miniforge3/envs/se_probes/lib/python3.11/site-packages/datasets/naming.py", line 54, in filename_prefix_for_split
    if os.path.basename(name) != name:
       ^^^^^^^^^^^^^^^^^^^^^^
  File "<frozen posixpath>", line 142, in basename
TypeError: expected str, bytes or os.PathLike object, not NoneType
